<?xml version="1.0" encoding="UTF-8"?><testsuite errors="1" failures="0" name="uTest Page" skipped="0" tests="1" time="82.23" timestamp="2022-09-04 11:04:11"><testcase name="The user completes the form"><error message="invalid element state&#10;  (Session info: chrome=105.0.5195.102)&#10;Build info: version: '4.4.0', revision: 'e5c75ed026a'&#10;System info: host: 'DESKTOP-5FJKHRM', ip: '192.168.140.1', os.name: 'Windows 10', os.arch: 'amd64', os.version: '10.0', java.version: '1.8.0_345'&#10;Driver info: org.openqa.selenium.chrome.ChromeDriver&#10;Command: [5827cc3fd663be8b9d28f01d27ad5bd3, clearElement {id=94d126a7-1877-418d-9aa6-03379afa77a0}]&#10;Capabilities {acceptInsecureCerts: false, browserName: chrome, browserVersion: 105.0.5195.102, chrome: {chromedriverVersion: 105.0.5195.52 (412c95e51883..., userDataDir: C:\Users\W\AppData\Local\Te...}, goog:chromeOptions: {debuggerAddress: localhost:58052}, networkConnectionEnabled: false, pageLoadStrategy: normal, platformName: WINDOWS, proxy: Proxy(), se:cdp: ws://localhost:58052/devtoo..., se:cdpVersion: 105.0.5195.102, setWindowRect: true, strictFileInteractability: false, timeouts: {implicit: 0, pageLoad: 300000, script: 30000}, unhandledPromptBehavior: dismiss and notify, webauthn:extension:credBlob: true, webauthn:extension:largeBlob: true, webauthn:virtualAuthenticators: true}&#10;Element: [[ChromeDriver: chrome on WINDOWS (5827cc3fd663be8b9d28f01d27ad5bd3)] -&gt; xpath: //*[@id=&quot;mobile-device&quot;]/div[1]/div[2]/div/div[1]/span]&#10;Session ID: 5827cc3fd663be8b9d28f01d27ad5bd3" type="org.openqa.selenium.InvalidElementStateException">invalid element state
  (Session info: chrome=105.0.5195.102)
Build info: version: '4.4.0', revision: 'e5c75ed026a'
System info: host: 'DESKTOP-5FJKHRM', ip: '192.168.140.1', os.name: 'Windows 10', os.arch: 'amd64', os.version: '10.0', java.version: '1.8.0_345'
Driver info: org.openqa.selenium.chrome.ChromeDriver
Command: [5827cc3fd663be8b9d28f01d27ad5bd3, clearElement {id=94d126a7-1877-418d-9aa6-03379afa77a0}]
Capabilities {acceptInsecureCerts: false, browserName: chrome, browserVersion: 105.0.5195.102, chrome: {chromedriverVersion: 105.0.5195.52 (412c95e51883..., userDataDir: C:\Users\W\AppData\Local\Te...}, goog:chromeOptions: {debuggerAddress: localhost:58052}, networkConnectionEnabled: false, pageLoadStrategy: normal, platformName: WINDOWS, proxy: Proxy(), se:cdp: ws://localhost:58052/devtoo..., se:cdpVersion: 105.0.5195.102, setWindowRect: true, strictFileInteractability: false, timeouts: {implicit: 0, pageLoad: 300000, script: 30000}, unhandledPromptBehavior: dismiss and notify, webauthn:extension:credBlob: true, webauthn:extension:largeBlob: true, webauthn:virtualAuthenticators: true}
Element: [[ChromeDriver: chrome on WINDOWS (5827cc3fd663be8b9d28f01d27ad5bd3)] -&gt; xpath: //*[@id="mobile-device"]/div[1]/div[2]/div/div[1]/span]
Session ID: 5827cc3fd663be8b9d28f01d27ad5bd3</error><system-err>invalid element state
  (Session info: chrome=105.0.5195.102)
Build info: version: '4.4.0', revision: 'e5c75ed026a'
System info: host: 'DESKTOP-5FJKHRM', ip: '192.168.140.1', os.name: 'Windows 10', os.arch: 'amd64', os.version: '10.0', java.version: '1.8.0_345'
Driver info: org.openqa.selenium.chrome.ChromeDriver
Command: [5827cc3fd663be8b9d28f01d27ad5bd3, clearElement {id=94d126a7-1877-418d-9aa6-03379afa77a0}]
Capabilities {acceptInsecureCerts: false, browserName: chrome, browserVersion: 105.0.5195.102, chrome: {chromedriverVersion: 105.0.5195.52 (412c95e51883..., userDataDir: C:\Users\W\AppData\Local\Te...}, goog:chromeOptions: {debuggerAddress: localhost:58052}, networkConnectionEnabled: false, pageLoadStrategy: normal, platformName: WINDOWS, proxy: Proxy(), se:cdp: ws://localhost:58052/devtoo..., se:cdpVersion: 105.0.5195.102, setWindowRect: true, strictFileInteractability: false, timeouts: {implicit: 0, pageLoad: 300000, script: 30000}, unhandledPromptBehavior: dismiss and notify, webauthn:extension:credBlob: true, webauthn:extension:largeBlob: true, webauthn:virtualAuthenticators: true}
Element: [[ChromeDriver: chrome on WINDOWS (5827cc3fd663be8b9d28f01d27ad5bd3)] -&gt; xpath: //*[@id="mobile-device"]/div[1]/div[2]/div/div[1]/span]
Session ID: 5827cc3fd663be8b9d28f01d27ad5bd3&#13;
co.com.choucair.certification.registration.stepdefinitions.Register.TheUserCompletesTheForm(Register.java:52)&#13;
io.cucumber.java.Invoker.doInvoke(Invoker.java:66)&#13;
io.cucumber.java.Invoker.invoke(Invoker.java:24)&#13;
io.cucumber.java.AbstractGlueDefinition.invokeMethod(AbstractGlueDefinition.java:47)&#13;
io.cucumber.java.JavaStepDefinition.execute(JavaStepDefinition.java:29)&#13;
io.cucumber.core.runner.CoreStepDefinition.execute(CoreStepDefinition.java:66)&#13;
io.cucumber.core.runner.PickleStepDefinitionMatch.runStep(PickleStepDefinitionMatch.java:63)&#13;
io.cucumber.core.runner.TestStep.executeStep(TestStep.java:85)&#13;
io.cucumber.core.runner.TestStep.run(TestStep.java:57)&#13;
io.cucumber.core.runner.PickleStepTestStep.run(PickleStepTestStep.java:51)&#13;
io.cucumber.core.runner.TestCase.run(TestCase.java:84)&#13;
io.cucumber.core.runner.Runner.runPickle(Runner.java:75)&#13;
io.cucumber.core.runtime.CucumberExecutionContext.lambda$runTestCase$5(CucumberExecutionContext.java:129)&#13;
io.cucumber.core.runtime.RethrowingThrowableCollector.executeAndThrow(RethrowingThrowableCollector.java:23)&#13;
io.cucumber.core.runtime.CucumberExecutionContext.runTestCase(CucumberExecutionContext.java:129)&#13;
io.cucumber.junit.FeatureRunner.runChild(FeatureRunner.java:144)&#13;
io.cucumber.junit.FeatureRunner.runChild(FeatureRunner.java:28)&#13;
io.cucumber.junit.FeatureRunner.run(FeatureRunner.java:137)&#13;
io.cucumber.junit.CucumberSerenityRunner.runChild(CucumberSerenityRunner.java:259)&#13;
io.cucumber.junit.CucumberSerenityRunner.runChild(CucumberSerenityRunner.java:59)&#13;
worker.org.gradle.process.internal.worker.GradleWorkerMain.run(GradleWorkerMain.java:69)&#13;
worker.org.gradle.process.internal.worker.GradleWorkerMain.main(GradleWorkerMain.java:74)&#13;
</system-err></testcase></testsuite>